CONVERGENCE COMPARISON: O(N) Polynomial
20  intervals Rectangle                         | Trapezoid                         | Simpson
0    1        +0.000000000e+00 -1.000000000e+00 | +5.000000000e-01 +0.000000000e+00 | +0.000000000e+00 -1.000000000e+00
1    2        +2.500000000e-01 -5.000000000e-01 | +5.000000000e-01 +0.000000000e+00 | +5.000000000e-01 +0.000000000e+00
2    4        +3.750000000e-01 -2.500000000e-01 | +5.000000000e-01 +0.000000000e+00 | +5.000000000e-01 +0.000000000e+00
3    8        +4.375000000e-01 -1.250000000e-01 | +5.000000000e-01 +0.000000000e+00 | +5.000000000e-01 +0.000000000e+00
4    16       +4.687500000e-01 -6.250000000e-02 | +5.000000000e-01 +0.000000000e+00 | +5.000000000e-01 +0.000000000e+00
5    32       +4.843750000e-01 -3.125000000e-02 | +5.000000000e-01 +0.000000000e+00 | +5.000000000e-01 +0.000000000e+00
6    64       +4.921875000e-01 -1.562500000e-02 | +5.000000000e-01 +0.000000000e+00 | +5.000000000e-01 +0.000000000e+00
7    128      +4.960937500e-01 -7.812500000e-03 | +5.000000000e-01 +0.000000000e+00 | +5.000000000e-01 +0.000000000e+00
8    256      +4.980468750e-01 -3.906250000e-03 | +5.000000000e-01 +0.000000000e+00 | +5.000000000e-01 +0.000000000e+00
9    512      +4.990234375e-01 -1.953125000e-03 | +5.000000000e-01 +0.000000000e+00 | +5.000000000e-01 +0.000000000e+00
10   1024     +4.995117188e-01 -9.765625000e-04 | +5.000000000e-01 +0.000000000e+00 | +5.000000000e-01 +0.000000000e+00
11   2048     +4.997558594e-01 -4.882812500e-04 | +5.000000000e-01 +0.000000000e+00 | +5.000000000e-01 +0.000000000e+00
12   4096     +4.998779297e-01 -2.441406250e-04 | +5.000000000e-01 +0.000000000e+00 | +5.000000000e-01 +0.000000000e+00
13   8192     +4.999389648e-01 -1.220703125e-04 | +5.000000000e-01 +0.000000000e+00 | +5.000000000e-01 +0.000000000e+00
14   16384    +4.999694824e-01 -6.103515625e-05 | +5.000000000e-01 +0.000000000e+00 | +5.000000000e-01 +0.000000000e+00
15   32768    +4.999847412e-01 -3.051757812e-05 | +5.000000000e-01 +0.000000000e+00 | +5.000000000e-01 +0.000000000e+00
16   65536    +4.999923706e-01 -1.525878906e-05 | +5.000000000e-01 +0.000000000e+00 | +5.000000000e-01 +0.000000000e+00
17   131072   +4.999961853e-01 -7.629394531e-06 | +5.000000000e-01 +0.000000000e+00 | +5.000000000e-01 +0.000000000e+00
18   262144   +4.999980927e-01 -3.814697266e-06 | +5.000000000e-01 +0.000000000e+00 | +5.000000000e-01 +0.000000000e+00
19   524288   +4.999990463e-01 -1.907348633e-06 | +5.000000000e-01 +0.000000000e+00 | +5.000000000e-01 +0.000000000e+00
5    32       5.000000000e-01 0.000000000e+00 Romberg
