0        h: 1.000000e-01 t: 0.000000e+00 N: 1
     s[0]: +1.000000e+03 +1.000000e+03 +0.000000e+00
     E:    +0.000000e+00 +0.000000e+00 +0.000000e+00
1        h: 1.000000e-01 t: 1.000000e-01 N: 1
     s[0]: +9.048374e+02 +9.000000e+02 +5.346174e-03
     E:    +0.000000e+00 +0.000000e+00 +0.000000e+00
2        h: 1.000000e-01 t: 2.000000e-01 N: 1
     s[0]: +8.187308e+02 +8.100000e+02 +1.066377e-02
     E:    +0.000000e+00 +0.000000e+00 +0.000000e+00
3        h: 1.000000e-01 t: 3.000000e-01 N: 1
     s[0]: +7.408182e+02 +7.290000e+02 +1.595293e-02
     E:    +0.000000e+00 +0.000000e+00 +0.000000e+00
4        h: 1.000000e-01 t: 4.000000e-01 N: 1
     s[0]: +6.703200e+02 +6.561000e+02 +2.121382e-02
     E:    +0.000000e+00 +0.000000e+00 +0.000000e+00
5        h: 1.000000e-01 t: 5.000000e-01 N: 1
     s[0]: +6.065307e+02 +5.904900e+02 +2.644658e-02
     E:    +0.000000e+00 +0.000000e+00 +0.000000e+00
6        h: 1.000000e-01 t: 6.000000e-01 N: 1
     s[0]: +5.488116e+02 +5.314410e+02 +3.165136e-02
     E:    +0.000000e+00 +0.000000e+00 +0.000000e+00
7        h: 1.000000e-01 t: 7.000000e-01 N: 1
     s[0]: +4.965853e+02 +4.782969e+02 +3.682832e-02
     E:    +0.000000e+00 +0.000000e+00 +0.000000e+00
8        h: 1.000000e-01 t: 8.000000e-01 N: 1
     s[0]: +4.493290e+02 +4.304672e+02 +4.197761e-02
     E:    +0.000000e+00 +0.000000e+00 +0.000000e+00
9        h: 1.000000e-01 t: 9.000000e-01 N: 1
     s[0]: +4.065697e+02 +3.874205e+02 +4.709936e-02
     E:    +0.000000e+00 +0.000000e+00 +0.000000e+00
10       h: 1.000000e-01 t: 1.000000e+00 N: 1
     s[0]: +3.678794e+02 +3.486784e+02 +5.219373e-02
     E:    +0.000000e+00 +0.000000e+00 +0.000000e+00
11       h: 1.000000e-01 t: 1.100000e+00 N: 1
     s[0]: +3.328711e+02 +3.138106e+02 +5.726087e-02
     E:    +0.000000e+00 +0.000000e+00 +0.000000e+00
12       h: 1.000000e-01 t: 1.200000e+00 N: 1
     s[0]: +3.011942e+02 +2.824295e+02 +6.230092e-02
     E:    +0.000000e+00 +0.000000e+00 +0.000000e+00
13       h: 1.000000e-01 t: 1.300000e+00 N: 1
     s[0]: +2.725318e+02 +2.541866e+02 +6.731402e-02
     E:    +0.000000e+00 +0.000000e+00 +0.000000e+00
14       h: 1.000000e-01 t: 1.400000e+00 N: 1
     s[0]: +2.465970e+02 +2.287679e+02 +7.230032e-02
     E:    +0.000000e+00 +0.000000e+00 +0.000000e+00
15       h: 1.000000e-01 t: 1.500000e+00 N: 1
     s[0]: +2.231302e+02 +2.058911e+02 +7.725996e-02
     E:    +0.000000e+00 +0.000000e+00 +0.000000e+00
16       h: 1.000000e-01 t: 1.600000e+00 N: 1
     s[0]: +2.018965e+02 +1.853020e+02 +8.219309e-02
     E:    +0.000000e+00 +0.000000e+00 +0.000000e+00
17       h: 1.000000e-01 t: 1.700000e+00 N: 1
     s[0]: +1.826835e+02 +1.667718e+02 +8.709985e-02
     E:    +0.000000e+00 +0.000000e+00 +0.000000e+00
18       h: 1.000000e-01 t: 1.800000e+00 N: 1
     s[0]: +1.652989e+02 +1.500946e+02 +9.198037e-02
     E:    +0.000000e+00 +0.000000e+00 +0.000000e+00
19       h: 1.000000e-01 t: 1.900000e+00 N: 1
     s[0]: +1.495686e+02 +1.350852e+02 +9.683480e-02
     E:    +0.000000e+00 +0.000000e+00 +0.000000e+00
20       h: 1.000000e-01 t: 2.000000e+00 N: 1
     s[0]: +1.353353e+02 +1.215767e+02 +1.016633e-01
     E:    +0.000000e+00 +0.000000e+00 +0.000000e+00
21       h: 1.000000e-01 t: 2.100000e+00 N: 1
     s[0]: +1.224564e+02 +1.094190e+02 +1.064659e-01
     E:    +0.000000e+00 +0.000000e+00 +0.000000e+00
22       h: 1.000000e-01 t: 2.200000e+00 N: 1
     s[0]: +1.108032e+02 +9.847709e+01 +1.112429e-01
     E:    +0.000000e+00 +0.000000e+00 +0.000000e+00
23       h: 1.000000e-01 t: 2.300000e+00 N: 1
     s[0]: +1.002588e+02 +8.862938e+01 +1.159944e-01
     E:    +0.000000e+00 +0.000000e+00 +0.000000e+00
24       h: 1.000000e-01 t: 2.400000e+00 N: 1
     s[0]: +9.071795e+01 +7.976644e+01 +1.207204e-01
     E:    +0.000000e+00 +0.000000e+00 +0.000000e+00
25       h: 1.000000e-01 t: 2.500000e+00 N: 1
     s[0]: +8.208500e+01 +7.178980e+01 +1.254212e-01
     E:    +0.000000e+00 +0.000000e+00 +0.000000e+00
26       h: 1.000000e-01 t: 2.600000e+00 N: 1
     s[0]: +7.427358e+01 +6.461082e+01 +1.300969e-01
     E:    +0.000000e+00 +0.000000e+00 +0.000000e+00
27       h: 1.000000e-01 t: 2.700000e+00 N: 1
     s[0]: +6.720551e+01 +5.814974e+01 +1.347475e-01
     E:    +0.000000e+00 +0.000000e+00 +0.000000e+00
28       h: 1.000000e-01 t: 2.800000e+00 N: 1
     s[0]: +6.081006e+01 +5.233476e+01 +1.393733e-01
     E:    +0.000000e+00 +0.000000e+00 +0.000000e+00
29       h: 1.000000e-01 t: 2.900000e+00 N: 1
     s[0]: +5.502322e+01 +4.710129e+01 +1.439744e-01
     E:    +0.000000e+00 +0.000000e+00 +0.000000e+00
30       h: 1.000000e-01 t: 3.000000e+00 N: 1
     s[0]: +4.978707e+01 +4.239116e+01 +1.485508e-01
     E:    +0.000000e+00 +0.000000e+00 +0.000000e+00
31       h: 1.000000e-01 t: 3.100000e+00 N: 1
     s[0]: +4.504920e+01 +3.815204e+01 +1.531028e-01
     E:    +0.000000e+00 +0.000000e+00 +0.000000e+00
32       h: 1.000000e-01 t: 3.200000e+00 N: 1
     s[0]: +4.076220e+01 +3.433684e+01 +1.576305e-01
     E:    +0.000000e+00 +0.000000e+00 +0.000000e+00
33       h: 1.000000e-01 t: 3.300000e+00 N: 1
     s[0]: +3.688317e+01 +3.090315e+01 +1.621339e-01
     E:    +0.000000e+00 +0.000000e+00 +0.000000e+00
34       h: 1.000000e-01 t: 3.400000e+00 N: 1
     s[0]: +3.337327e+01 +2.781284e+01 +1.666133e-01
     E:    +0.000000e+00 +0.000000e+00 +0.000000e+00
35       h: 1.000000e-01 t: 3.500000e+00 N: 1
     s[0]: +3.019738e+01 +2.503156e+01 +1.710687e-01
     E:    +0.000000e+00 +0.000000e+00 +0.000000e+00
36       h: 1.000000e-01 t: 3.600000e+00 N: 1
     s[0]: +2.732372e+01 +2.252840e+01 +1.755004e-01
     E:    +0.000000e+00 +0.000000e+00 +0.000000e+00
37       h: 1.000000e-01 t: 3.700000e+00 N: 1
     s[0]: +2.472353e+01 +2.027556e+01 +1.799083e-01
     E:    +0.000000e+00 +0.000000e+00 +0.000000e+00
38       h: 1.000000e-01 t: 3.800000e+00 N: 1
     s[0]: +2.237077e+01 +1.824800e+01 +1.842926e-01
     E:    +0.000000e+00 +0.000000e+00 +0.000000e+00
39       h: 1.000000e-01 t: 3.900000e+00 N: 1
     s[0]: +2.024191e+01 +1.642320e+01 +1.886535e-01
     E:    +0.000000e+00 +0.000000e+00 +0.000000e+00
40       h: 1.000000e-01 t: 4.000000e+00 N: 1
     s[0]: +1.831564e+01 +1.478088e+01 +1.929911e-01
     E:    +0.000000e+00 +0.000000e+00 +0.000000e+00
41       h: 1.000000e-01 t: 4.100000e+00 N: 1
     s[0]: +1.657268e+01 +1.330279e+01 +1.973055e-01
     E:    +0.000000e+00 +0.000000e+00 +0.000000e+00
42       h: 1.000000e-01 t: 4.200000e+00 N: 1
     s[0]: +1.499558e+01 +1.197252e+01 +2.015969e-01
     E:    +0.000000e+00 +0.000000e+00 +0.000000e+00
43       h: 1.000000e-01 t: 4.300000e+00 N: 1
     s[0]: +1.356856e+01 +1.077526e+01 +2.058653e-01
     E:    +0.000000e+00 +0.000000e+00 +0.000000e+00
44       h: 1.000000e-01 t: 4.400000e+00 N: 1
     s[0]: +1.227734e+01 +9.697737e+00 +2.101109e-01
     E:    +0.000000e+00 +0.000000e+00 +0.000000e+00
45       h: 1.000000e-01 t: 4.500000e+00 N: 1
     s[0]: +1.110900e+01 +8.727964e+00 +2.143338e-01
     E:    +0.000000e+00 +0.000000e+00 +0.000000e+00
46       h: 1.000000e-01 t: 4.600000e+00 N: 1
     s[0]: +1.005184e+01 +7.855167e+00 +2.185341e-01
     E:    +0.000000e+00 +0.000000e+00 +0.000000e+00
47       h: 1.000000e-01 t: 4.700000e+00 N: 1
     s[0]: +9.095277e+00 +7.069650e+00 +2.227119e-01
     E:    +0.000000e+00 +0.000000e+00 +0.000000e+00
48       h: 1.000000e-01 t: 4.800000e+00 N: 1
     s[0]: +8.229747e+00 +6.362685e+00 +2.268674e-01
     E:    +0.000000e+00 +0.000000e+00 +0.000000e+00
49       h: 1.000000e-01 t: 4.900000e+00 N: 1
     s[0]: +7.446583e+00 +5.726417e+00 +2.310007e-01
     E:    +0.000000e+00 +0.000000e+00 +0.000000e+00
50       h: 1.000000e-01 t: 5.000000e+00 N: 1
     s[0]: +6.737947e+00 +5.153775e+00 +2.351119e-01
     E:    +0.000000e+00 +0.000000e+00 +0.000000e+00
51       h: 1.000000e-01 t: 5.100000e+00 N: 1
     s[0]: +6.096747e+00 +4.638398e+00 +2.392012e-01
     E:    +0.000000e+00 +0.000000e+00 +0.000000e+00
