0        h: 3.194383e-02 t: 0.000000e+00 N: 2
     s[0]: +5.000000e+01 +5.000000e+01 +0.000000e+00
     s[1]: +0.000000e+00 +0.000000e+00 +0.000000e+00
     E:    +4.900000e+02 +4.900000e+02 +0.000000e+00
1        h: 3.194383e-02 t: 3.194383e-02 N: 2
     s[0]: +4.999500e+01 +5.000000e+01 -1.000100e-04
     s[1]: -3.130495e-01 -3.130495e-01 +0.000000e+00
     E:    +4.900000e+02 +4.900490e+02 -1.000000e-04
2        h: 3.194383e-02 t: 6.388766e-02 N: 2
     s[0]: +4.998000e+01 +4.999000e+01 -2.000800e-04
     s[1]: -6.260990e-01 -6.260990e-01 +0.000000e+00
     E:    +4.900000e+02 +4.900980e+02 -2.000000e-04
3        h: 3.194383e-02 t: 9.583148e-02 N: 2
     s[0]: +4.995500e+01 +4.997000e+01 -3.002702e-04
     s[1]: -9.391486e-01 -9.391486e-01 -2.220446e-16
     E:    +4.900000e+02 +4.901470e+02 -3.000000e-04
4        h: 3.194383e-02 t: 1.277753e-01 N: 2
     s[0]: +4.992000e+01 +4.994000e+01 -4.006410e-04
     s[1]: -1.252198e+00 -1.252198e+00 +0.000000e+00
     E:    +4.900000e+02 +4.901960e+02 -4.000000e-04
5        h: 3.194383e-02 t: 1.597191e-01 N: 2
     s[0]: +4.987500e+01 +4.990000e+01 -5.012531e-04
     s[1]: -1.565248e+00 -1.565248e+00 +1.110223e-16
     E:    +4.900000e+02 +4.902450e+02 -5.000000e-04
6        h: 3.194383e-02 t: 1.916630e-01 N: 2
     s[0]: +4.982000e+01 +4.985000e+01 -6.021678e-04
     s[1]: -1.878297e+00 -1.878297e+00 +2.220446e-16
     E:    +4.900000e+02 +4.902940e+02 -6.000000e-04
7        h: 3.194383e-02 t: 2.236068e-01 N: 2
     s[0]: +4.975500e+01 +4.979000e+01 -7.034469e-04
     s[1]: -2.191347e+00 -2.191347e+00 +2.220446e-16
     E:    +4.900000e+02 +4.903430e+02 -7.000000e-04
8        h: 3.194383e-02 t: 2.555506e-01 N: 2
     s[0]: +4.968000e+01 +4.972000e+01 -8.051530e-04
     s[1]: -2.504396e+00 -2.504396e+00 +0.000000e+00
     E:    +4.900000e+02 +4.903920e+02 -8.000000e-04
9        h: 3.194383e-02 t: 2.874945e-01 N: 2
     s[0]: +4.959500e+01 +4.964000e+01 -9.073495e-04
     s[1]: -2.817446e+00 -2.817446e+00 -2.220446e-16
     E:    +4.900000e+02 +4.904410e+02 -9.000000e-04
10       h: 3.194383e-02 t: 3.194383e-01 N: 2
     s[0]: +4.950000e+01 +4.955000e+01 -1.010101e-03
     s[1]: -3.130495e+00 -3.130495e+00 -2.220446e-16
     E:    +4.900000e+02 +4.904900e+02 -1.000000e-03
11       h: 3.194383e-02 t: 3.513821e-01 N: 2
     s[0]: +4.939500e+01 +4.945000e+01 -1.113473e-03
     s[1]: -3.443545e+00 -3.443545e+00 -2.220446e-16
     E:    +4.900000e+02 +4.905390e+02 -1.100000e-03
12       h: 3.194383e-02 t: 3.833259e-01 N: 2
     s[0]: +4.928000e+01 +4.934000e+01 -1.217532e-03
     s[1]: -3.756594e+00 -3.756594e+00 -4.440892e-16
     E:    +4.900000e+02 +4.905880e+02 -1.200000e-03
13       h: 3.194383e-02 t: 4.152698e-01 N: 2
     s[0]: +4.915500e+01 +4.922000e+01 -1.322348e-03
     s[1]: -4.069644e+00 -4.069644e+00 -4.440892e-16
     E:    +4.900000e+02 +4.906370e+02 -1.300000e-03
14       h: 3.194383e-02 t: 4.472136e-01 N: 2
     s[0]: +4.902000e+01 +4.909000e+01 -1.427989e-03
     s[1]: -4.382693e+00 -4.382693e+00 -4.440892e-16
     E:    +4.900000e+02 +4.906860e+02 -1.400000e-03
15       h: 3.194383e-02 t: 4.791574e-01 N: 2
     s[0]: +4.887500e+01 +4.895000e+01 -1.534527e-03
     s[1]: -4.695743e+00 -4.695743e+00 -4.440892e-16
     E:    +4.900000e+02 +4.907350e+02 -1.500000e-03
16       h: 3.194383e-02 t: 5.111013e-01 N: 2
     s[0]: +4.872000e+01 +4.880000e+01 -1.642036e-03
     s[1]: -5.008792e+00 -5.008792e+00 -2.220446e-16
     E:    +4.900000e+02 +4.907840e+02 -1.600000e-03
17       h: 3.194383e-02 t: 5.430451e-01 N: 2
     s[0]: +4.855500e+01 +4.864000e+01 -1.750592e-03
     s[1]: -5.321842e+00 -5.321842e+00 -2.220446e-16
     E:    +4.900000e+02 +4.908330e+02 -1.700000e-03
18       h: 3.194383e-02 t: 5.749889e-01 N: 2
     s[0]: +4.838000e+01 +4.847000e+01 -1.860273e-03
     s[1]: -5.634891e+00 -5.634891e+00 -2.220446e-16
     E:    +4.900000e+02 +4.908820e+02 -1.800000e-03
19       h: 3.194383e-02 t: 6.069327e-01 N: 2
     s[0]: +4.819500e+01 +4.829000e+01 -1.971159e-03
     s[1]: -5.947941e+00 -5.947941e+00 -2.220446e-16
     E:    +4.900000e+02 +4.909310e+02 -1.900000e-03
20       h: 3.194383e-02 t: 6.388766e-01 N: 2
     s[0]: +4.800000e+01 +4.810000e+01 -2.083333e-03
     s[1]: -6.260990e+00 -6.260990e+00 -2.220446e-16
     E:    +4.900000e+02 +4.909800e+02 -2.000000e-03
21       h: 3.194383e-02 t: 6.708204e-01 N: 2
     s[0]: +4.779500e+01 +4.790000e+01 -2.196883e-03
     s[1]: -6.574040e+00 -6.574040e+00 +0.000000e+00
     E:    +4.900000e+02 +4.910290e+02 -2.100000e-03
22       h: 3.194383e-02 t: 7.027642e-01 N: 2
     s[0]: +4.758000e+01 +4.769000e+01 -2.311896e-03
     s[1]: -6.887089e+00 -6.887089e+00 +0.000000e+00
     E:    +4.900000e+02 +4.910780e+02 -2.200000e-03
23       h: 3.194383e-02 t: 7.347080e-01 N: 2
     s[0]: +4.735500e+01 +4.747000e+01 -2.428466e-03
     s[1]: -7.200139e+00 -7.200139e+00 +0.000000e+00
     E:    +4.900000e+02 +4.911270e+02 -2.300000e-03
24       h: 3.194383e-02 t: 7.666519e-01 N: 2
     s[0]: +4.712000e+01 +4.724000e+01 -2.546689e-03
     s[1]: -7.513188e+00 -7.513188e+00 +0.000000e+00
     E:    +4.900000e+02 +4.911760e+02 -2.400000e-03
25       h: 3.194383e-02 t: 7.985957e-01 N: 2
     s[0]: +4.687500e+01 +4.700000e+01 -2.666667e-03
     s[1]: -7.826238e+00 -7.826238e+00 +0.000000e+00
     E:    +4.900000e+02 +4.912250e+02 -2.500000e-03
26       h: 3.194383e-02 t: 8.305395e-01 N: 2
     s[0]: +4.662000e+01 +4.675000e+01 -2.788503e-03
     s[1]: -8.139287e+00 -8.139287e+00 +0.000000e+00
     E:    +4.900000e+02 +4.912740e+02 -2.600000e-03
27       h: 3.194383e-02 t: 8.624834e-01 N: 2
     s[0]: +4.635500e+01 +4.649000e+01 -2.912307e-03
     s[1]: -8.452337e+00 -8.452337e+00 +0.000000e+00
     E:    +4.900000e+02 +4.913230e+02 -2.700000e-03
28       h: 3.194383e-02 t: 8.944272e-01 N: 2
     s[0]: +4.608000e+01 +4.622000e+01 -3.038194e-03
     s[1]: -8.765386e+00 -8.765386e+00 +0.000000e+00
     E:    +4.900000e+02 +4.913720e+02 -2.800000e-03
29       h: 3.194383e-02 t: 9.263710e-01 N: 2
     s[0]: +4.579500e+01 +4.594000e+01 -3.166285e-03
     s[1]: -9.078436e+00 -9.078436e+00 +0.000000e+00
     E:    +4.900000e+02 +4.914210e+02 -2.900000e-03
30       h: 3.194383e-02 t: 9.583148e-01 N: 2
     s[0]: +4.550000e+01 +4.565000e+01 -3.296703e-03
     s[1]: -9.391486e+00 -9.391486e+00 +0.000000e+00
     E:    +4.900000e+02 +4.914700e+02 -3.000000e-03
31       h: 3.194383e-02 t: 9.902587e-01 N: 2
     s[0]: +4.519500e+01 +4.535000e+01 -3.429583e-03
     s[1]: -9.704535e+00 -9.704535e+00 +0.000000e+00
     E:    +4.900000e+02 +4.915190e+02 -3.100000e-03
32       h: 3.194383e-02 t: 1.022203e+00 N: 2
     s[0]: +4.488000e+01 +4.504000e+01 -3.565062e-03
     s[1]: -1.001758e+01 -1.001758e+01 +0.000000e+00
     E:    +4.900000e+02 +4.915680e+02 -3.200000e-03
33       h: 3.194383e-02 t: 1.054146e+00 N: 2
     s[0]: +4.455500e+01 +4.472000e+01 -3.703288e-03
     s[1]: -1.033063e+01 -1.033063e+01 +0.000000e+00
     E:    +4.900000e+02 +4.916170e+02 -3.300000e-03
34       h: 3.194383e-02 t: 1.086090e+00 N: 2
     s[0]: +4.422000e+01 +4.439000e+01 -3.844414e-03
     s[1]: -1.064368e+01 -1.064368e+01 +2.220446e-16
     E:    +4.900000e+02 +4.916660e+02 -3.400000e-03
35       h: 3.194383e-02 t: 1.118034e+00 N: 2
     s[0]: +4.387500e+01 +4.405000e+01 -3.988604e-03
     s[1]: -1.095673e+01 -1.095673e+01 +3.330669e-16
     E:    +4.900000e+02 +4.917150e+02 -3.500000e-03
36       h: 3.194383e-02 t: 1.149978e+00 N: 2
     s[0]: +4.352000e+01 +4.370000e+01 -4.136029e-03
     s[1]: -1.126978e+01 -1.126978e+01 +3.330669e-16
     E:    +4.900000e+02 +4.917640e+02 -3.600000e-03
37       h: 3.194383e-02 t: 1.181922e+00 N: 2
     s[0]: +4.315500e+01 +4.334000e+01 -4.286873e-03
     s[1]: -1.158283e+01 -1.158283e+01 +4.440892e-16
     E:    +4.900000e+02 +4.918130e+02 -3.700000e-03
38       h: 3.194383e-02 t: 1.213865e+00 N: 2
     s[0]: +4.278000e+01 +4.297000e+01 -4.441328e-03
     s[1]: -1.189588e+01 -1.189588e+01 +5.551115e-16
     E:    +4.900000e+02 +4.918620e+02 -3.800000e-03
39       h: 3.194383e-02 t: 1.245809e+00 N: 2
     s[0]: +4.239500e+01 +4.259000e+01 -4.599599e-03
     s[1]: -1.220893e+01 -1.220893e+01 +5.551115e-16
     E:    +4.900000e+02 +4.919110e+02 -3.900000e-03
40       h: 3.194383e-02 t: 1.277753e+00 N: 2
     s[0]: +4.200000e+01 +4.220000e+01 -4.761905e-03
     s[1]: -1.252198e+01 -1.252198e+01 +6.661338e-16
     E:    +4.900000e+02 +4.919600e+02 -4.000000e-03
41       h: 3.194383e-02 t: 1.309697e+00 N: 2
     s[0]: +4.159500e+01 +4.180000e+01 -4.928477e-03
     s[1]: -1.283503e+01 -1.283503e+01 +7.771561e-16
     E:    +4.900000e+02 +4.920090e+02 -4.100000e-03
42       h: 3.194383e-02 t: 1.341641e+00 N: 2
     s[0]: +4.118000e+01 +4.139000e+01 -5.099563e-03
     s[1]: -1.314808e+01 -1.314808e+01 +7.771561e-16
     E:    +4.900000e+02 +4.920580e+02 -4.200000e-03
43       h: 3.194383e-02 t: 1.373585e+00 N: 2
     s[0]: +4.075500e+01 +4.097000e+01 -5.275426e-03
     s[1]: -1.346113e+01 -1.346113e+01 +8.881784e-16
     E:    +4.900000e+02 +4.921070e+02 -4.300000e-03
44       h: 3.194383e-02 t: 1.405528e+00 N: 2
     s[0]: +4.032000e+01 +4.054000e+01 -5.456349e-03
     s[1]: -1.377418e+01 -1.377418e+01 +9.992007e-16
     E:    +4.900000e+02 +4.921560e+02 -4.400000e-03
45       h: 3.194383e-02 t: 1.437472e+00 N: 2
     s[0]: +3.987500e+01 +4.010000e+01 -5.642633e-03
     s[1]: -1.408723e+01 -1.408723e+01 +9.992007e-16
     E:    +4.900000e+02 +4.922050e+02 -4.500000e-03
46       h: 3.194383e-02 t: 1.469416e+00 N: 2
     s[0]: +3.942000e+01 +3.965000e+01 -5.834602e-03
     s[1]: -1.440028e+01 -1.440028e+01 +1.110223e-15
     E:    +4.900000e+02 +4.922540e+02 -4.600000e-03
47       h: 3.194383e-02 t: 1.501360e+00 N: 2
     s[0]: +3.895500e+01 +3.919000e+01 -6.032602e-03
     s[1]: -1.471333e+01 -1.471333e+01 +1.221245e-15
     E:    +4.900000e+02 +4.923030e+02 -4.700000e-03
48       h: 3.194383e-02 t: 1.533304e+00 N: 2
     s[0]: +3.848000e+01 +3.872000e+01 -6.237006e-03
     s[1]: -1.502638e+01 -1.502638e+01 +1.221245e-15
     E:    +4.900000e+02 +4.923520e+02 -4.800000e-03
49       h: 3.194383e-02 t: 1.565248e+00 N: 2
     s[0]: +3.799500e+01 +3.824000e+01 -6.448217e-03
     s[1]: -1.533943e+01 -1.533943e+01 +1.221245e-15
     E:    +4.900000e+02 +4.924010e+02 -4.900000e-03
50       h: 3.194383e-02 t: 1.597191e+00 N: 2
     s[0]: +3.750000e+01 +3.775000e+01 -6.666667e-03
     s[1]: -1.565248e+01 -1.565248e+01 +1.332268e-15
     E:    +4.900000e+02 +4.924500e+02 -5.000000e-03
51       h: 3.194383e-02 t: 1.629135e+00 N: 2
     s[0]: +3.699500e+01 +3.725000e+01 -6.892823e-03
     s[1]: -1.596553e+01 -1.596553e+01 +1.332268e-15
     E:    +4.900000e+02 +4.924990e+02 -5.100000e-03
52       h: 3.194383e-02 t: 1.661079e+00 N: 2
     s[0]: +3.648000e+01 +3.674000e+01 -7.127193e-03
     s[1]: -1.627857e+01 -1.627857e+01 +1.332268e-15
     E:    +4.900000e+02 +4.925480e+02 -5.200000e-03
53       h: 3.194383e-02 t: 1.693023e+00 N: 2
     s[0]: +3.595500e+01 +3.622000e+01 -7.370324e-03
     s[1]: -1.659162e+01 -1.659162e+01 +1.332268e-15
     E:    +4.900000e+02 +4.925970e+02 -5.300000e-03
54       h: 3.194383e-02 t: 1.724967e+00 N: 2
     s[0]: +3.542000e+01 +3.569000e+01 -7.622812e-03
     s[1]: -1.690467e+01 -1.690467e+01 +1.221245e-15
     E:    +4.900000e+02 +4.926460e+02 -5.400000e-03
55       h: 3.194383e-02 t: 1.756911e+00 N: 2
     s[0]: +3.487500e+01 +3.515000e+01 -7.885305e-03
     s[1]: -1.721772e+01 -1.721772e+01 +1.221245e-15
     E:    +4.900000e+02 +4.926950e+02 -5.500000e-03
56       h: 3.194383e-02 t: 1.788854e+00 N: 2
     s[0]: +3.432000e+01 +3.460000e+01 -8.158508e-03
     s[1]: -1.753077e+01 -1.753077e+01 +9.992007e-16
     E:    +4.900000e+02 +4.927440e+02 -5.600000e-03
57       h: 3.194383e-02 t: 1.820798e+00 N: 2
     s[0]: +3.375500e+01 +3.404000e+01 -8.443194e-03
     s[1]: -1.784382e+01 -1.784382e+01 +9.992007e-16
     E:    +4.900000e+02 +4.927930e+02 -5.700000e-03
58       h: 3.194383e-02 t: 1.852742e+00 N: 2
     s[0]: +3.318000e+01 +3.347000e+01 -8.740205e-03
     s[1]: -1.815687e+01 -1.815687e+01 +9.992007e-16
     E:    +4.900000e+02 +4.928420e+02 -5.800000e-03
59       h: 3.194383e-02 t: 1.884686e+00 N: 2
     s[0]: +3.259500e+01 +3.289000e+01 -9.050468e-03
     s[1]: -1.846992e+01 -1.846992e+01 +9.992007e-16
     E:    +4.900000e+02 +4.928910e+02 -5.900000e-03
60       h: 3.194383e-02 t: 1.916630e+00 N: 2
     s[0]: +3.200000e+01 +3.230000e+01 -9.375000e-03
     s[1]: -1.878297e+01 -1.878297e+01 +9.992007e-16
     E:    +4.900000e+02 +4.929400e+02 -6.000000e-03
61       h: 3.194383e-02 t: 1.948574e+00 N: 2
     s[0]: +3.139500e+01 +3.170000e+01 -9.714923e-03
     s[1]: -1.909602e+01 -1.909602e+01 +8.881784e-16
     E:    +4.900000e+02 +4.929890e+02 -6.100000e-03
62       h: 3.194383e-02 t: 1.980517e+00 N: 2
     s[0]: +3.078000e+01 +3.109000e+01 -1.007147e-02
     s[1]: -1.940907e+01 -1.940907e+01 +7.771561e-16
     E:    +4.900000e+02 +4.930380e+02 -6.200000e-03
63       h: 3.194383e-02 t: 2.012461e+00 N: 2
     s[0]: +3.015500e+01 +3.047000e+01 -1.044603e-02
     s[1]: -1.972212e+01 -1.972212e+01 +6.661338e-16
     E:    +4.900000e+02 +4.930870e+02 -6.300000e-03
64       h: 3.194383e-02 t: 2.044405e+00 N: 2
     s[0]: +2.952000e+01 +2.984000e+01 -1.084011e-02
     s[1]: -2.003517e+01 -2.003517e+01 +5.551115e-16
     E:    +4.900000e+02 +4.931360e+02 -6.400000e-03
65       h: 3.194383e-02 t: 2.076349e+00 N: 2
     s[0]: +2.887500e+01 +2.920000e+01 -1.125541e-02
     s[1]: -2.034822e+01 -2.034822e+01 +5.551115e-16
     E:    +4.900000e+02 +4.931850e+02 -6.500000e-03
66       h: 3.194383e-02 t: 2.108293e+00 N: 2
     s[0]: +2.822000e+01 +2.855000e+01 -1.169383e-02
     s[1]: -2.066127e+01 -2.066127e+01 +5.551115e-16
     E:    +4.900000e+02 +4.932340e+02 -6.600000e-03
67       h: 3.194383e-02 t: 2.140236e+00 N: 2
     s[0]: +2.755500e+01 +2.789000e+01 -1.215750e-02
     s[1]: -2.097432e+01 -2.097432e+01 +5.551115e-16
     E:    +4.900000e+02 +4.932830e+02 -6.700000e-03
68       h: 3.194383e-02 t: 2.172180e+00 N: 2
     s[0]: +2.688000e+01 +2.722000e+01 -1.264881e-02
     s[1]: -2.128737e+01 -2.128737e+01 +5.551115e-16
     E:    +4.900000e+02 +4.933320e+02 -6.800000e-03
69       h: 3.194383e-02 t: 2.204124e+00 N: 2
     s[0]: +2.619500e+01 +2.654000e+01 -1.317045e-02
     s[1]: -2.160042e+01 -2.160042e+01 +4.440892e-16
     E:    +4.900000e+02 +4.933810e+02 -6.900000e-03
70       h: 3.194383e-02 t: 2.236068e+00 N: 2
     s[0]: +2.550000e+01 +2.585000e+01 -1.372549e-02
     s[1]: -2.191347e+01 -2.191347e+01 +3.330669e-16
     E:    +4.900000e+02 +4.934300e+02 -7.000000e-03
71       h: 3.194383e-02 t: 2.268012e+00 N: 2
     s[0]: +2.479500e+01 +2.515000e+01 -1.431740e-02
     s[1]: -2.222652e+01 -2.222652e+01 +3.330669e-16
     E:    +4.900000e+02 +4.934790e+02 -7.100000e-03
72       h: 3.194383e-02 t: 2.299956e+00 N: 2
     s[0]: +2.408000e+01 +2.444000e+01 -1.495017e-02
     s[1]: -2.253957e+01 -2.253957e+01 +3.330669e-16
     E:    +4.900000e+02 +4.935280e+02 -7.200000e-03
73       h: 3.194383e-02 t: 2.331899e+00 N: 2
     s[0]: +2.335500e+01 +2.372000e+01 -1.562835e-02
     s[1]: -2.285261e+01 -2.285261e+01 +3.330669e-16
     E:    +4.900000e+02 +4.935770e+02 -7.300000e-03
74       h: 3.194383e-02 t: 2.363843e+00 N: 2
     s[0]: +2.262000e+01 +2.299000e+01 -1.635721e-02
     s[1]: -2.316566e+01 -2.316566e+01 +3.330669e-16
     E:    +4.900000e+02 +4.936260e+02 -7.400000e-03
75       h: 3.194383e-02 t: 2.395787e+00 N: 2
     s[0]: +2.187500e+01 +2.225000e+01 -1.714286e-02
     s[1]: -2.347871e+01 -2.347871e+01 +3.330669e-16
     E:    +4.900000e+02 +4.936750e+02 -7.500000e-03
76       h: 3.194383e-02 t: 2.427731e+00 N: 2
     s[0]: +2.112000e+01 +2.150000e+01 -1.799242e-02
     s[1]: -2.379176e+01 -2.379176e+01 +1.110223e-16
     E:    +4.900000e+02 +4.937240e+02 -7.600000e-03
77       h: 3.194383e-02 t: 2.459675e+00 N: 2
     s[0]: +2.035500e+01 +2.074000e+01 -1.891427e-02
     s[1]: -2.410481e+01 -2.410481e+01 +1.110223e-16
     E:    +4.900000e+02 +4.937730e+02 -7.700000e-03
78       h: 3.194383e-02 t: 2.491619e+00 N: 2
     s[0]: +1.958000e+01 +1.997000e+01 -1.991828e-02
     s[1]: -2.441786e+01 -2.441786e+01 +1.110223e-16
     E:    +4.900000e+02 +4.938220e+02 -7.800000e-03
79       h: 3.194383e-02 t: 2.523562e+00 N: 2
     s[0]: +1.879500e+01 +1.919000e+01 -2.101623e-02
     s[1]: -2.473091e+01 -2.473091e+01 +1.110223e-16
     E:    +4.900000e+02 +4.938710e+02 -7.900000e-03
80       h: 3.194383e-02 t: 2.555506e+00 N: 2
     s[0]: +1.800000e+01 +1.840000e+01 -2.222222e-02
     s[1]: -2.504396e+01 -2.504396e+01 +1.110223e-16
     E:    +4.900000e+02 +4.939200e+02 -8.000000e-03
81       h: 3.194383e-02 t: 2.587450e+00 N: 2
     s[0]: +1.719500e+01 +1.760000e+01 -2.355336e-02
     s[1]: -2.535701e+01 -2.535701e+01 +1.110223e-16
     E:    +4.900000e+02 +4.939690e+02 -8.100000e-03
82       h: 3.194383e-02 t: 2.619394e+00 N: 2
     s[0]: +1.638000e+01 +1.679000e+01 -2.503053e-02
     s[1]: -2.567006e+01 -2.567006e+01 +0.000000e+00
     E:    +4.900000e+02 +4.940180e+02 -8.200000e-03
83       h: 3.194383e-02 t: 2.651338e+00 N: 2
     s[0]: +1.555500e+01 +1.597000e+01 -2.667952e-02
     s[1]: -2.598311e+01 -2.598311e+01 +0.000000e+00
     E:    +4.900000e+02 +4.940670e+02 -8.300000e-03
84       h: 3.194383e-02 t: 2.683282e+00 N: 2
     s[0]: +1.472000e+01 +1.514000e+01 -2.853261e-02
     s[1]: -2.629616e+01 -2.629616e+01 +0.000000e+00
     E:    +4.900000e+02 +4.941160e+02 -8.400000e-03
85       h: 3.194383e-02 t: 2.715225e+00 N: 2
     s[0]: +1.387500e+01 +1.430000e+01 -3.063063e-02
     s[1]: -2.660921e+01 -2.660921e+01 +0.000000e+00
     E:    +4.900000e+02 +4.941650e+02 -8.500000e-03
86       h: 3.194383e-02 t: 2.747169e+00 N: 2
     s[0]: +1.302000e+01 +1.345000e+01 -3.302611e-02
     s[1]: -2.692226e+01 -2.692226e+01 +0.000000e+00
     E:    +4.900000e+02 +4.942140e+02 -8.600000e-03
87       h: 3.194383e-02 t: 2.779113e+00 N: 2
     s[0]: +1.215500e+01 +1.259000e+01 -3.578774e-02
     s[1]: -2.723531e+01 -2.723531e+01 +0.000000e+00
     E:    +4.900000e+02 +4.942630e+02 -8.700000e-03
88       h: 3.194383e-02 t: 2.811057e+00 N: 2
     s[0]: +1.128000e+01 +1.172000e+01 -3.900709e-02
     s[1]: -2.754836e+01 -2.754836e+01 -2.220446e-16
     E:    +4.900000e+02 +4.943120e+02 -8.800000e-03
89       h: 3.194383e-02 t: 2.843001e+00 N: 2
     s[0]: +1.039500e+01 +1.084000e+01 -4.280904e-02
     s[1]: -2.786141e+01 -2.786141e+01 -2.220446e-16
     E:    +4.900000e+02 +4.943610e+02 -8.900000e-03
90       h: 3.194383e-02 t: 2.874945e+00 N: 2
     s[0]: +9.500000e+00 +9.950000e+00 -4.736842e-02
     s[1]: -2.817446e+01 -2.817446e+01 -2.220446e-16
     E:    +4.900000e+02 +4.944100e+02 -9.000000e-03
91       h: 3.194383e-02 t: 2.906888e+00 N: 2
     s[0]: +8.595000e+00 +9.050000e+00 -5.293775e-02
     s[1]: -2.848751e+01 -2.848751e+01 -2.220446e-16
     E:    +4.900000e+02 +4.944590e+02 -9.100000e-03
92       h: 3.194383e-02 t: 2.938832e+00 N: 2
     s[0]: +7.680000e+00 +8.140000e+00 -5.989583e-02
     s[1]: -2.880056e+01 -2.880056e+01 -2.220446e-16
     E:    +4.900000e+02 +4.945080e+02 -9.200000e-03
93       h: 3.194383e-02 t: 2.970776e+00 N: 2
     s[0]: +6.755000e+00 +7.220000e+00 -6.883790e-02
     s[1]: -2.911361e+01 -2.911361e+01 -2.220446e-16
     E:    +4.900000e+02 +4.945570e+02 -9.300000e-03
94       h: 3.194383e-02 t: 3.002720e+00 N: 2
     s[0]: +5.820000e+00 +6.290000e+00 -8.075601e-02
     s[1]: -2.942665e+01 -2.942665e+01 -2.220446e-16
     E:    +4.900000e+02 +4.946060e+02 -9.400000e-03
95       h: 3.194383e-02 t: 3.034664e+00 N: 2
     s[0]: +4.875000e+00 +5.350000e+00 -9.743590e-02
     s[1]: -2.973970e+01 -2.973970e+01 -2.220446e-16
     E:    +4.900000e+02 +4.946550e+02 -9.500000e-03
96       h: 3.194383e-02 t: 3.066608e+00 N: 2
     s[0]: +3.920000e+00 +4.400000e+00 -1.224490e-01
     s[1]: -3.005275e+01 -3.005275e+01 -2.220446e-16
     E:    +4.900000e+02 +4.947040e+02 -9.600000e-03
97       h: 3.194383e-02 t: 3.098551e+00 N: 2
     s[0]: +2.955000e+00 +3.440000e+00 -1.641286e-01
     s[1]: -3.036580e+01 -3.036580e+01 -2.220446e-16
     E:    +4.900000e+02 +4.947530e+02 -9.700000e-03
98       h: 3.194383e-02 t: 3.130495e+00 N: 2
     s[0]: +1.980000e+00 +2.470000e+00 -2.474747e-01
     s[1]: -3.067885e+01 -3.067885e+01 -2.220446e-16
     E:    +4.900000e+02 +4.948020e+02 -9.800000e-03
99       h: 3.194383e-02 t: 3.162439e+00 N: 2
     s[0]: +9.950000e-01 +1.490000e+00 -4.974874e-01
     s[1]: -3.099190e+01 -3.099190e+01 -2.220446e-16
     E:    +4.900000e+02 +4.948510e+02 -9.900000e-03
100      h: 3.194383e-02 t: 3.194383e+00 N: 2
     s[0]: -1.705303e-13 +5.000000e-01 -1.000000e+00
     s[1]: -3.130495e+01 -3.130495e+01 -4.440892e-16
     E:    +4.900000e+02 +4.949000e+02 -1.000000e-02
