0        h: 3.194383e-01 t: 0.000000e+00 N: 2
     s[0]: +5.000000e+01 +5.000000e+01 +0.000000e+00
     s[1]: +0.000000e+00 +0.000000e+00 +0.000000e+00
     E:    +4.900000e+02 +4.900000e+02 +0.000000e+00
1        h: 3.194383e-01 t: 3.194383e-01 N: 2
     s[0]: +4.950000e+01 +5.000000e+01 -1.010101e-02
     s[1]: -3.130495e+00 -3.130495e+00 +0.000000e+00
     E:    +4.900000e+02 +4.949000e+02 -1.000000e-02
2        h: 3.194383e-01 t: 6.388766e-01 N: 2
     s[0]: +4.800000e+01 +4.900000e+01 -2.083333e-02
     s[1]: -6.260990e+00 -6.260990e+00 +0.000000e+00
     E:    +4.900000e+02 +4.998000e+02 -2.000000e-02
3        h: 3.194383e-01 t: 9.583148e-01 N: 2
     s[0]: +4.550000e+01 +4.700000e+01 -3.296703e-02
     s[1]: -9.391486e+00 -9.391486e+00 +0.000000e+00
     E:    +4.900000e+02 +5.047000e+02 -3.000000e-02
4        h: 3.194383e-01 t: 1.277753e+00 N: 2
     s[0]: +4.200000e+01 +4.400000e+01 -4.761905e-02
     s[1]: -1.252198e+01 -1.252198e+01 +0.000000e+00
     E:    +4.900000e+02 +5.096000e+02 -4.000000e-02
5        h: 3.194383e-01 t: 1.597191e+00 N: 2
     s[0]: +3.750000e+01 +4.000000e+01 -6.666667e-02
     s[1]: -1.565248e+01 -1.565248e+01 +0.000000e+00
     E:    +4.900000e+02 +5.145000e+02 -5.000000e-02
6        h: 3.194383e-01 t: 1.916630e+00 N: 2
     s[0]: +3.200000e+01 +3.500000e+01 -9.375000e-02
     s[1]: -1.878297e+01 -1.878297e+01 +0.000000e+00
     E:    +4.900000e+02 +5.194000e+02 -6.000000e-02
7        h: 3.194383e-01 t: 2.236068e+00 N: 2
     s[0]: +2.550000e+01 +2.900000e+01 -1.372549e-01
     s[1]: -2.191347e+01 -2.191347e+01 +0.000000e+00
     E:    +4.900000e+02 +5.243000e+02 -7.000000e-02
8        h: 3.194383e-01 t: 2.555506e+00 N: 2
     s[0]: +1.800000e+01 +2.200000e+01 -2.222222e-01
     s[1]: -2.504396e+01 -2.504396e+01 +0.000000e+00
     E:    +4.900000e+02 +5.292000e+02 -8.000000e-02
9        h: 3.194383e-01 t: 2.874945e+00 N: 2
     s[0]: +9.500000e+00 +1.400000e+01 -4.736842e-01
     s[1]: -2.817446e+01 -2.817446e+01 +0.000000e+00
     E:    +4.900000e+02 +5.341000e+02 -9.000000e-02
10       h: 3.194383e-01 t: 3.194383e+00 N: 2
     s[0]: -7.105427e-15 +5.000000e+00 -1.000000e+00
     s[1]: -3.130495e+01 -3.130495e+01 +0.000000e+00
     E:    +4.900000e+02 +5.390000e+02 -1.000000e-01
