0        h: 2.020305e-01 t: 0.000000e+00 N: 2
     s[0]: +2.000000e+01 +2.000000e+01 +0.000000e+00
     s[1]: +0.000000e+00 +0.000000e+00 +0.000000e+00
     E:    +0.000000e+00 +0.000000e+00 +0.000000e+00
1        h: 2.020305e-01 t: 2.020305e-01 N: 2
     s[0]: +1.980000e+01 +1.980030e+01 -1.493124e-05
     s[1]: -1.979899e+00 -1.974052e+00 +2.953127e-03
     E:    +0.000000e+00 +0.000000e+00 +0.000000e+00
2        h: 2.020305e-01 t: 4.040610e-01 N: 2
     s[0]: +1.920000e+01 +1.920470e+01 -2.446263e-04
     s[1]: -3.959798e+00 -3.913522e+00 +1.168638e-02
     E:    +0.000000e+00 +0.000000e+00 +0.000000e+00
3        h: 2.020305e-01 t: 6.060915e-01 N: 2
     s[0]: +1.820000e+01 +1.822350e+01 -1.291292e-03
     s[1]: -5.939697e+00 -5.786210e+00 +2.584085e-02
     E:    +0.000000e+00 +0.000000e+00 +0.000000e+00
4        h: 2.020305e-01 t: 8.081220e-01 N: 2
     s[0]: +1.680000e+01 +1.687310e+01 -4.350963e-03
     s[1]: -7.919596e+00 -7.564338e+00 +4.485807e-02
     E:    +0.000000e+00 +0.000000e+00 +0.000000e+00
5        h: 2.020305e-01 t: 1.010153e+00 N: 2
     s[0]: +1.500000e+01 +1.517491e+01 -1.166035e-02
     s[1]: -9.899495e+00 -9.225993e+00 +6.803394e-02
     E:    +0.000000e+00 +0.000000e+00 +0.000000e+00
6        h: 2.020305e-01 t: 1.212183e+00 N: 2
     s[0]: +1.280000e+01 +1.315412e+01 -2.766571e-02
     s[1]: -1.187939e+01 -1.075584e+01 +9.457976e-02
     E:    +0.000000e+00 +0.000000e+00 +0.000000e+00
7        h: 2.020305e-01 t: 1.414214e+00 N: 2
     s[0]: +1.020000e+01 +1.083836e+01 -6.258462e-02
     s[1]: -1.385929e+01 -1.214515e+01 +1.236821e-01
     E:    +0.000000e+00 +0.000000e+00 +0.000000e+00
8        h: 2.020305e-01 t: 1.616244e+00 N: 2
     s[0]: +7.200000e+00 +8.256396e+00 -1.467216e-01
     s[1]: -1.583919e+01 -1.339118e+01 +1.545542e-01
     E:    +0.000000e+00 +0.000000e+00 +0.000000e+00
9        h: 2.020305e-01 t: 1.818275e+00 N: 2
     s[0]: +3.800000e+00 +5.437004e+00 -4.307904e-01
     s[1]: -1.781909e+01 -1.449627e+01 +1.864751e-01
     E:    +0.000000e+00 +0.000000e+00 +0.000000e+00
10       h: 2.020305e-01 t: 2.020305e+00 N: 2
     s[0]: -3.552714e-15 +2.408084e+00 -1.000000e+00
     s[1]: -1.979899e+01 -1.546669e+01 +2.188141e-01
     E:    +0.000000e+00 +0.000000e+00 +0.000000e+00
11       h: 2.020305e-01 t: 2.222336e+00 N: 2
     s[0]: -4.200000e+00 -8.040251e-01 +8.085655e-01
     s[1]: -2.177889e+01 -1.631144e+01 +2.510436e-01
     E:    +0.000000e+00 +0.000000e+00 +0.000000e+00
-1 Velocity at the Ground:
v(x=0)       : -1.611653e+01 m/s (numerical)       error = -1.160593e-02
v(x=0)       : -1.979899e+01 m/s (no air resist)
Air/NoAir -1 : -1.859923e-01
