100      h: 5.000000e-02 t: 5.000000e+00 N: 2
     s[0]: +1.000000e+00 +6.195937e+01 -6.095937e+01
     s[1]: +3.871748e-13 +5.758745e+02 -1.000000e+00
     E:    +1.973921e+01 +2.415938e+05 -1.223829e+04
  clock-time: 0.000000e+00
158      h: 3.164557e-02 t: 5.000000e+00 N: 2
     s[0]: +1.000000e+00 +1.966825e+01 -1.866825e+01
     s[1]: -5.280419e-13 +5.289960e+01 -1.000000e+00
     E:    +1.973921e+01 +9.035103e+03 -4.567237e+02
  clock-time: 0.000000e+00
251      h: 1.992032e-02 t: 5.000000e+00 N: 2
     s[0]: +1.000000e+00 +6.941721e+00 -5.941721e+00
     s[1]: +1.416288e-13 +7.151872e+00 -1.000000e+00
     E:    +1.973921e+01 +9.767575e+02 -4.848311e+01
  clock-time: 0.000000e+00
398      h: 1.256281e-02 t: 5.000000e+00 N: 2
     s[0]: +1.000000e+00 +3.434733e+00 -2.434733e+00
     s[1]: -6.842984e-13 +1.404843e+00 -1.000000e+00
     E:    +1.973921e+01 +2.338579e+02 -1.084738e+01
  clock-time: 0.000000e+00
630      h: 7.936508e-03 t: 5.000000e+00 N: 2
     s[0]: +1.000000e+00 +2.185821e+00 -1.185821e+00
     s[1]: +6.773654e-13 +3.571843e-01 -1.000000e+00
     E:    +1.973921e+01 +9.437406e+01 -3.781046e+00
  clock-time: 0.000000e+00
1000     h: 5.000000e-03 t: 5.000000e+00 N: 2
     s[0]: +1.000000e+00 +1.637521e+00 -6.375210e-01
     s[1]: +3.333726e-12 +1.062805e-01 -1.000000e+00
     E:    +1.973921e+01 +5.293584e+01 -1.681761e+00
  clock-time: 0.000000e+00
1584     h: 3.156566e-03 t: 5.000000e+00 N: 2
     s[0]: +1.000000e+00 +1.365432e+00 -3.654319e-01
     s[1]: -4.278198e-12 +3.533197e-02 -1.000000e+00
     E:    +1.973921e+01 +3.680249e+01 -8.644360e-01
  clock-time: 0.000000e+00
2511     h: 1.991239e-03 t: 5.000000e+00 N: 2
     s[0]: +1.000000e+00 +1.217148e+00 -2.171483e-01
     s[1]: +2.641733e-12 +1.253481e-02 -1.000000e+00
     E:    +1.973921e+01 +2.924273e+01 -4.814539e-01
  clock-time: 0.000000e+00
3981     h: 1.255966e-03 t: 5.000000e+00 N: 2
     s[0]: +1.000000e+00 +1.131965e+00 -1.319647e-01
     s[1]: -1.117581e-11 +4.638105e-03 -1.000000e+00
     E:    +1.973921e+01 +2.529273e+01 -2.813446e-01
  clock-time: 1.000000e+04
6309     h: 7.925186e-04 t: 5.000000e+00 N: 2
     s[0]: +1.000000e+00 +1.081358e+00 -8.135777e-02
     s[1]: -1.177851e-11 +1.764209e-03 -1.000000e+00
     E:    +1.973921e+01 +2.308174e+01 -1.693347e-01
  clock-time: 0.000000e+00
10000    h: 5.000000e-04 t: 5.000000e+00 N: 2
     s[0]: +1.000000e+00 +1.050586e+00 -5.058565e-02
     s[1]: +2.039029e-12 +6.822399e-04 -1.000000e+00
     E:    +1.973921e+01 +2.178676e+01 -1.037302e-01
  clock-time: 1.000000e+04
15848    h: 3.154972e-04 t: 5.000000e+00 N: 2
     s[0]: +1.000000e+00 +1.031628e+00 -3.162813e-02
     s[1]: -3.838676e-11 +2.667359e-04 -1.000000e+00
     E:    +1.973921e+01 +2.100758e+01 -6.425661e-02
  clock-time: 1.000000e+04
25118    h: 1.990604e-04 t: 5.000000e+00 N: 2
     s[0]: +1.000000e+00 +1.019841e+00 -1.984072e-02
     s[1]: -9.258545e-11 +1.049712e-04 -1.000001e+00
     E:    +1.973921e+01 +2.053026e+01 -4.007510e-02
  clock-time: 1.000000e+04
39810    h: 1.255966e-04 t: 5.000000e+00 N: 2
     s[0]: +1.000000e+00 +1.012473e+00 -1.247303e-02
     s[1]: +3.891785e-12 +4.148654e-05 -9.999999e-01
     E:    +1.973921e+01 +2.023470e+01 -2.510164e-02
  clock-time: 3.000000e+04
63095    h: 7.924558e-05 t: 5.000000e+00 N: 2
     s[0]: +1.000000e+00 +1.007852e+00 -7.851890e-03
     s[1]: -2.514732e-12 +1.644050e-05 -1.000000e+00
     E:    +1.973921e+01 +2.005041e+01 -1.576543e-02
  clock-time: 3.000000e+04
100000   h: 5.000000e-05 t: 5.000000e+00 N: 2
     s[0]: +1.000000e+00 +1.004947e+00 -4.946998e-03
     s[1]: +1.967570e-10 +6.526064e-06 -3.316715e+04
     E:    +1.973921e+01 +1.993499e+01 -9.918469e-03
  clock-time: 4.000000e+04
158489   h: 3.154793e-05 t: 5.000000e+00 N: 2
     s[0]: +1.000000e+00 +1.003119e+00 -3.118508e-03
     s[1]: +1.039629e-10 +2.593357e-06 -2.494402e+04
     E:    +1.973921e+01 +1.986251e+01 -6.246742e-03
  clock-time: 6.000000e+04
251188   h: 1.990541e-05 t: 5.000000e+00 N: 2
     s[0]: +1.000000e+00 +1.001967e+00 -1.966516e-03
     s[1]: +4.195118e-10 +1.031249e-06 -2.457213e+03
     E:    +1.973921e+01 +1.981692e+01 -3.936900e-03
  clock-time: 1.100000e+05
398107   h: 1.255944e-05 t: 5.000000e+00 N: 2
     s[0]: +1.000000e+00 +1.001240e+00 -1.240335e-03
     s[1]: +1.451474e-09 +4.102485e-07 -2.816426e+02
     E:    +1.973921e+01 +1.978821e+01 -2.482209e-03
  clock-time: 1.600000e+05
630957   h: 7.924470e-06 t: 5.000000e+00 N: 2
     s[0]: +1.000000e+00 +1.000782e+00 -7.824198e-04
     s[1]: -1.360986e-09 +1.632482e-07 +1.209484e+02
     E:    +1.973921e+01 +1.977011e+01 -1.565452e-03
  clock-time: 2.600000e+05
1000000  h: 5.000000e-06 t: 5.000000e+00 N: 2
     s[0]: +1.000000e+00 +1.000494e+00 -4.936020e-04
     s[1]: +4.133573e-09 +6.497159e-08 -1.471802e+01
     E:    +1.973921e+01 +1.975870e+01 -9.874476e-04
  clock-time: 3.200000e+05
1584893  h: 3.154787e-06 t: 5.000000e+00 N: 2
     s[0]: +1.000000e+00 +1.000311e+00 -3.114135e-04
     s[1]: +5.496911e-09 +2.586098e-08 -3.704638e+00
     E:    +1.973921e+01 +1.975150e+01 -6.229240e-04
  clock-time: 5.100000e+05
2511886  h: 1.990536e-06 t: 5.000000e+00 N: 2
     s[0]: +1.000000e+00 +1.000196e+00 -1.964773e-04
     s[1]: +9.105119e-09 +1.029420e-08 -1.305942e-01
     E:    +1.973921e+01 +1.974697e+01 -3.929933e-04
  clock-time: 8.100000e+05
3981071  h: 1.255943e-06 t: 5.000000e+00 N: 2
     s[0]: +1.000000e+00 +1.000124e+00 -1.239643e-04
     s[1]: +1.727026e-08 +4.097843e-09 +7.627225e-01
     E:    +1.973921e+01 +1.974410e+01 -2.479440e-04
  clock-time: 1.270000e+06
6309573  h: 7.924467e-07 t: 5.000000e+00 N: 2
     s[0]: +1.000000e+00 +1.000078e+00 -7.821441e-05
     s[1]: -2.866721e-08 +1.631821e-09 +1.056923e+00
     E:    +1.973921e+01 +1.974230e+01 -1.564349e-04
  clock-time: 2.010000e+06
